Using pre-set license
Built from '2021.3/staging' branch; Version is '2021.3.4f1 (cb45f9cae8b7) revision 13321721'; Using compiler version '192829333'; Build Type 'Release'
OS: 'Windows 10  (10.0.19044) 64bit Core' Language: 'en' Physical Memory: 3914 MB
BatchMode: 1, IsHumanControllingUs: 0, StartBugReporterOnCrash: 0, Is64bit: 1, IsPro: 1

COMMAND LINE ARGUMENTS:
C:\Program Files\2021.3.4f1\Editor\Unity.exe
-adb2
-batchMode
-noUpm
-name
AssetImportWorker1881
-projectPath
C:/Users/ndawi/starsailors
-logFile
Logs/AssetImportWorker1881.log
-srvPort
52809
Successfully changed project path to: C:/Users/ndawi/starsailors
C:/Users/ndawi/starsailors
[UnityMemory] Configuration Parameters - Can be set up in boot.config
    "memorysetup-bucket-allocator-granularity=16"
    "memorysetup-bucket-allocator-bucket-count=8"
    "memorysetup-bucket-allocator-block-size=33554432"
    "memorysetup-bucket-allocator-block-count=8"
    "memorysetup-main-allocator-block-size=16777216"
    "memorysetup-thread-allocator-block-size=16777216"
    "memorysetup-gfx-main-allocator-block-size=16777216"
    "memorysetup-gfx-thread-allocator-block-size=16777216"
    "memorysetup-cache-allocator-block-size=4194304"
    "memorysetup-typetree-allocator-block-size=2097152"
    "memorysetup-profiler-bucket-allocator-granularity=16"
    "memorysetup-profiler-bucket-allocator-bucket-count=8"
    "memorysetup-profiler-bucket-allocator-block-size=33554432"
    "memorysetup-profiler-bucket-allocator-block-count=8"
    "memorysetup-profiler-allocator-block-size=16777216"
    "memorysetup-profiler-editor-allocator-block-size=1048576"
    "memorysetup-temp-allocator-size-main=16777216"
    "memorysetup-job-temp-allocator-block-size=2097152"
    "memorysetup-job-temp-allocator-block-size-background=1048576"
    "memorysetup-job-temp-allocator-reduction-small-platforms=262144"
    "memorysetup-temp-allocator-size-background-worker=32768"
    "memorysetup-temp-allocator-size-job-worker=262144"
    "memorysetup-temp-allocator-size-preload-manager=33554432"
    "memorysetup-temp-allocator-size-nav-mesh-worker=65536"
    "memorysetup-temp-allocator-size-audio-worker=65536"
    "memorysetup-temp-allocator-size-cloud-worker=32768"
    "memorysetup-temp-allocator-size-gi-baking-worker=262144"
    "memorysetup-temp-allocator-size-gfx=262144"
mdb reader table full -> cleaning up stale readers. Current readers:
    pid     thread     txnid
      3380 c3e8 -
      3380 f580 -
      3380 26d0 -
     74688 5274 -
      1964 3570 -
     74160 2c34 -
      1828 4570 -
      3380 5ba0 -
     48936 d928 -
     74012 997c -
     63872 c02c -
     40184 ea80 -
     42320 b87c -
     72344 3ca0 -
       340 7478 -
     26248 4484 -
     74032 2f68 -
     22816 12364 -
     51900 14e0 -
     28872 fce0 -
      7112 2378 -
     42512 a5d0 -
     47856 49e4 -
     28156 179c -
     68980 10788 -
     65180 6924 -
     64176 120c0 -
     45876 1f54 -
     21936 3724 -
     67096 8c34 -
      1948 10aa4 -
     57824 2314 -
     68108 5d74 -
     36404 11490 -
     63552 a684 -
     22092 ff2c -
     11428 10cc0 -
     28028 10e98 -
     67720 a034 -
     27204 aff8 -
     51528 10d80 -
     65852 12218 -
     68180 ae4c -
     11860 a82c -
     73136 c260 -
     66020 10d34 -
     61636 eb64 -
     14308 788c -
     47456 f380 -
     70184 6e10 -
     25516 58bc 19104
     38556 e1e8 -
     67636 7a54 -
     60756 117f0 -
     63580 e050 -
     17304 f1d8 -
     61372 3afc -
     10440 f030 -
     74168 60d8 -
     47044 5a94 -
     62608 5d54 -
     27656 d164 -
     47276 d318 -
     54056 6c34 -
     35164 92ec -
      6504 3168 -
     27720 6eb8 -
     30056 6230 -
     63140 addc -
     46964 e5a0 -
     57068 ec80 -
     58488 feb0 -
     53292 3e88 -
     68784 fcf4 -
     72068 3298 -
      8992 ae08 -
     48352 f66c -
      2232 11224 -
     22564 10264 -
     55920 4754 -
     57728 3cc8 -
     55612 a728 -
     35936 11780 -
     55480 acc4 -
     30264 6454 -
     13064 ff60 -
     36068 6bb8 -
     19388 b1ec -
     35844 87f4 -
     69620 5eec -
     37736 c7c8 -
     11280 8ba4 -
     43788 6018 -
     36352 2e1c -
     22992 887c -
     59548 6d6c -
      5900 3bd8 -
     41100 db88 -
      4716 c5b8 -
     52636 dc30 -
     36260 c538 -
     23020 2588 -
     50684 2d8 -
     64104 7534 -
     65048 1630 -
     45392 1fdc -
     38304 de80 -
     10428 e784 -
     10608 f29c -
     17000 2efc -
     74484 78b4 -
     14412 463c -
     23732 f388 -
     49788 9790 -
     62152 578c -
     66688 c36c -
     66708 3cac -
     70580 110f8 -
      8072 97dc -
     32664 10e80 -
     64440 6320 -
     39508 83b8 -
     11156 5e20 -
       500 56dc -
     49220 8 -
     12328 aa48 -
Cleaned out 120 stale readers
Refreshing native plugins compatible for Editor in 1819.31 ms, found 5 plugins.
Preloading 0 native plugins for Editor in 0.00 ms.
Initialize engine version: 2021.3.4f1 (cb45f9cae8b7)
[Subsystems] Discovering subsystems at path C:/Program Files/2021.3.4f1/Editor/Data/Resources/UnitySubsystems
[Subsystems] Discovering subsystems at path C:/Users/ndawi/starsailors/Assets
GfxDevice: creating device client; threaded=0; jobified=0
