Using pre-set license
Built from '2021.3/staging' branch; Version is '2021.3.4f1 (cb45f9cae8b7) revision 13321721'; Using compiler version '192829333'; Build Type 'Release'
OS: 'Windows 10  (10.0.19044) 64bit Core' Language: 'en' Physical Memory: 3914 MB
BatchMode: 1, IsHumanControllingUs: 0, StartBugReporterOnCrash: 0, Is64bit: 1, IsPro: 1

COMMAND LINE ARGUMENTS:
C:\Program Files\2021.3.4f1\Editor\Unity.exe
-adb2
-batchMode
-noUpm
-name
AssetImportWorker1081
-projectPath
C:/Users/ndawi/starsailors
-logFile
Logs/AssetImportWorker1081.log
-srvPort
52809
Successfully changed project path to: C:/Users/ndawi/starsailors
C:/Users/ndawi/starsailors
[UnityMemory] Configuration Parameters - Can be set up in boot.config
    "memorysetup-bucket-allocator-granularity=16"
    "memorysetup-bucket-allocator-bucket-count=8"
    "memorysetup-bucket-allocator-block-size=33554432"
    "memorysetup-bucket-allocator-block-count=8"
    "memorysetup-main-allocator-block-size=16777216"
    "memorysetup-thread-allocator-block-size=16777216"
    "memorysetup-gfx-main-allocator-block-size=16777216"
    "memorysetup-gfx-thread-allocator-block-size=16777216"
    "memorysetup-cache-allocator-block-size=4194304"
    "memorysetup-typetree-allocator-block-size=2097152"
    "memorysetup-profiler-bucket-allocator-granularity=16"
    "memorysetup-profiler-bucket-allocator-bucket-count=8"
    "memorysetup-profiler-bucket-allocator-block-size=33554432"
    "memorysetup-profiler-bucket-allocator-block-count=8"
    "memorysetup-profiler-allocator-block-size=16777216"
    "memorysetup-profiler-editor-allocator-block-size=1048576"
    "memorysetup-temp-allocator-size-main=16777216"
    "memorysetup-job-temp-allocator-block-size=2097152"
    "memorysetup-job-temp-allocator-block-size-background=1048576"
    "memorysetup-job-temp-allocator-reduction-small-platforms=262144"
    "memorysetup-temp-allocator-size-background-worker=32768"
    "memorysetup-temp-allocator-size-job-worker=262144"
    "memorysetup-temp-allocator-size-preload-manager=33554432"
    "memorysetup-temp-allocator-size-nav-mesh-worker=65536"
    "memorysetup-temp-allocator-size-audio-worker=65536"
    "memorysetup-temp-allocator-size-cloud-worker=32768"
    "memorysetup-temp-allocator-size-gi-baking-worker=262144"
    "memorysetup-temp-allocator-size-gfx=262144"
mdb reader table full -> cleaning up stale readers. Current readers:
    pid     thread     txnid
      3380 c3e8 -
     67244 c100 -
     64776 1a9c -
     62360 383c -
     64992 f648 -
      8616 11d18 -
     63144 e9e8 -
     56296 c93c -
     61268 d598 -
     59516 f808 -
     55492 285c -
     10656 f4c4 -
     55868 b57c -
     29276 cddc -
     33020 6794 -
     53140 e340 -
     38232 cd58 -
     63244 7c78 -
     54264 8490 -
     40744 11274 -
     51664 5c6c -
     54348 fba0 -
     42688 c9f4 -
     60204 6eb4 -
     50068 4cc8 -
     52232 1b0 -
     33500 b430 -
     31212 5524 -
     38464 534 -
     31592 1174 -
      6816 8488 -
     29180 c518 -
     30020 7ce4 -
     36848 90a4 -
     48676 cbe8 -
     31564 8d94 -
     61720 77ec -
     72644 688c -
     17080 39d8 -
     47904 bd54 -
     56420 a62c -
     10912 4bc0 -
     22520 4040 -
     17180 be5c -
     30756 7f8c -
     52208 8270 -
     34644 be2c -
      9960 11928 -
     24716 a48 -
      5760 57bc -
     13956 6e4c -
     21608 4064 28029
     11432 1108 -
     16360 31f0 -
     48220 10298 -
      9472 2324 -
     21868 3d44 -
     12548 8fa0 -
     56084 9e98 -
     40792 2868 -
     51536 66a4 -
     48580 9c1c -
     29416 b8f0 -
     64368 3ff4 -
     61840 1cb4 -
     29016 24d8 -
     53448 588c -
     57512 9a14 -
     16532 ec14 -
     19600 58d0 -
     49628 77fc -
     71284 7448 -
     66692 fe90 -
     29428 8f50 -
     37332 d244 -
     34140 6a30 -
     46176 ec64 -
     16124 6ed8 -
     48032 94e4 -
     10128 4640 -
     69848 11ae8 -
     53636 aac0 -
     10784 12020 -
     53480 1d18 -
     31356 1181c -
     74568 11eb8 -
     22144 11f7c -
     52040 10dc4 -
      9316 5090 -
     71096 87c8 -
     31312 1cfc -
     27236 3f58 -
     68228 506c -
     42732 af5c -
     14596 fa74 -
     42940 6d94 -
     67516 1163c -
     69888 11f90 -
     35504 114b8 -
     36180 af3c -
     39024 6dc0 -
      8916 2360 -
     63708 6f54 -
      8816 ae80 -
     44148 5078 -
     29168 1067c -
      8688 a464 -
     67784 6ccc -
     10840 1c60 -
     24308 eb18 -
     68480 6a1c -
     65884 13a0 -
     70936 659c -
     31448 9a68 -
     59568 bb54 -
     32892 108e4 -
     17576 f5cc -
     43948 e838 -
     61476 2bfc -
     64100 80a4 -
     62260 103ec -
     33644 718c -
     39960 6460 -
     41636 8f44 -
     71100 914c -
     69708 8cf4 28101
Cleaned out 115 stale readers
Refreshing native plugins compatible for Editor in 2745.68 ms, found 5 plugins.
Preloading 0 native plugins for Editor in 0.00 ms.
Initialize engine version: 2021.3.4f1 (cb45f9cae8b7)
[Subsystems] Discovering subsystems at path C:/Program Files/2021.3.4f1/Editor/Data/Resources/UnitySubsystems
[Subsystems] Discovering subsystems at path C:/Users/ndawi/starsailors/Assets
GfxDevice: creating device client; threaded=0; jobified=0
Direct3D:
    Version:  Direct3D 11.0 [level 11.0]
    Renderer: Intel(R) HD Graphics (ID=0xf31)
    Vendor:   Intel
    VRAM:     128 MB
    Driver:   10.18.10.4252
Initialize mono
Mono path[0] = 'C:/Program Files/2021.3.4f1/Editor/Data/Managed'
Mono path[1] = 'C:/Program Files/2021.3.4f1/Editor/Data/MonoBleedingEdge/lib/mono/unityjit-win32'
Mono config path = 'C:/Program Files/2021.3.4f1/Editor/Data/MonoBleedingEdge/etc'
Using monoOptions --debugger-agent=transport=dt_socket,embedding=1,server=y,suspend=n,address=127.0.0.1:56932
Begin MonoManager ReloadAssembly
Registering precompiled unity dll's ...
Register platform support module: C:/Program Files/2021.3.4f1/Editor/Data/PlaybackEngines/WebGLSupport/UnityEditor.WebGL.Extensions.dll
Register platform support module: C:/Program Files/2021.3.4f1/Editor/Data/PlaybackEngines/WindowsStandaloneSupport/UnityEditor.WindowsStandalone.Extensions.dll
Registered in 0.036058 seconds.
Native extension for WindowsStandalone target not found
Native extension for WebGL target not found
Refreshing native plugins compatible for Editor in 1341.38 ms, found 5 plugins.
Preloading 0 native plugins for Editor in 0.00 ms.
Mono: successfully reloaded assembly
- Completed reload, in  6.230 seconds
Domain Reload Profiling:
	ReloadAssembly (6233ms)
		BeginReloadAssembly (631ms)
			ExecutionOrderSort (0ms)
			DisableScriptedObjects (0ms)
			BackupInstance (0ms)
			ReleaseScriptingObjects (0ms)
			CreateAndSetChildDomain (8ms)
		EndReloadAssembly (4251ms)
			LoadAssemblies (618ms)
			RebuildTransferFunctionScriptingTraits (1ms)
			SetupTypeCache (860ms)
			ReleaseScriptCaches (0ms)
			RebuildScriptCaches (264ms)
			SetupLoadedEditorAssemblies (2760ms)
				LogAssemblyErrors (0ms)
				InitializePlatformSupportModulesInManaged (55ms)
				SetLoadedEditorAssemblies (1ms)
				RefreshPlugins (1342ms)
				BeforeProcessingInitializeOnLoad (8ms)
				ProcessInitializeOnLoadAttributes (982ms)
				ProcessInitializeOnLoadMethodAttributes (371ms)
				AfterProcessingInitializeOnLoad (0ms)
				EditorAssembliesLoaded (1ms)
			ExecutionOrderSort2 (0ms)
			AwakeInstancesAfterBackupRestoration (0ms)
Platform modules already initialized, skipping
Registering precompiled user dll's ...
Registered in 0.139795 seconds.
