Using pre-set license
Built from '2021.3/staging' branch; Version is '2021.3.4f1 (cb45f9cae8b7) revision 13321721'; Using compiler version '192829333'; Build Type 'Release'
OS: 'Windows 10  (10.0.19044) 64bit Core' Language: 'en' Physical Memory: 3914 MB
BatchMode: 1, IsHumanControllingUs: 0, StartBugReporterOnCrash: 0, Is64bit: 1, IsPro: 1

COMMAND LINE ARGUMENTS:
C:\Program Files\2021.3.4f1\Editor\Unity.exe
-adb2
-batchMode
-noUpm
-name
AssetImportWorker958
-projectPath
C:/Users/ndawi/starsailors
-logFile
Logs/AssetImportWorker958.log
-srvPort
52809
Successfully changed project path to: C:/Users/ndawi/starsailors
C:/Users/ndawi/starsailors
[UnityMemory] Configuration Parameters - Can be set up in boot.config
    "memorysetup-bucket-allocator-granularity=16"
    "memorysetup-bucket-allocator-bucket-count=8"
    "memorysetup-bucket-allocator-block-size=33554432"
    "memorysetup-bucket-allocator-block-count=8"
    "memorysetup-main-allocator-block-size=16777216"
    "memorysetup-thread-allocator-block-size=16777216"
    "memorysetup-gfx-main-allocator-block-size=16777216"
    "memorysetup-gfx-thread-allocator-block-size=16777216"
    "memorysetup-cache-allocator-block-size=4194304"
    "memorysetup-typetree-allocator-block-size=2097152"
    "memorysetup-profiler-bucket-allocator-granularity=16"
    "memorysetup-profiler-bucket-allocator-bucket-count=8"
    "memorysetup-profiler-bucket-allocator-block-size=33554432"
    "memorysetup-profiler-bucket-allocator-block-count=8"
    "memorysetup-profiler-allocator-block-size=16777216"
    "memorysetup-profiler-editor-allocator-block-size=1048576"
    "memorysetup-temp-allocator-size-main=16777216"
    "memorysetup-job-temp-allocator-block-size=2097152"
    "memorysetup-job-temp-allocator-block-size-background=1048576"
    "memorysetup-job-temp-allocator-reduction-small-platforms=262144"
    "memorysetup-temp-allocator-size-background-worker=32768"
    "memorysetup-temp-allocator-size-job-worker=262144"
    "memorysetup-temp-allocator-size-preload-manager=33554432"
    "memorysetup-temp-allocator-size-nav-mesh-worker=65536"
    "memorysetup-temp-allocator-size-audio-worker=65536"
    "memorysetup-temp-allocator-size-cloud-worker=32768"
    "memorysetup-temp-allocator-size-gi-baking-worker=262144"
    "memorysetup-temp-allocator-size-gfx=262144"
mdb reader table full -> cleaning up stale readers. Current readers:
    pid     thread     txnid
      3380 c3e8 -
     50564 2258 -
     25716 30d8 -
     56956 9a00 -
     12248 9224 -
     54884 3b60 -
     48940 e72c -
     40696 6598 -
     18536 6578 -
     23712 58a8 -
     26036 9ee4 -
     30648 310c -
     20388 ca30 -
     60280 91ec -
     26428 59a4 -
     13224 eab0 -
     47820 ca68 -
     34960 72ac -
     36792 447c -
     51104 92ac -
     32316 9270 -
      8884 9b5c -
     16240 ccf4 -
     17516 4554 -
     11232 622c -
     25364 2304 -
     28680 123e4 -
     32544 cc40 -
     26696 4008 -
      1272 eb6c -
     11756 71b0 -
     26368 2268 -
     10372 1ea8 -
     18716 1cc4 -
     38848 7c04 -
      6976 110c -
     14324 55b4 -
     34964 52b0 -
     73608 4ab8 -
     20244 3d70 -
     61808 46c0 -
     28172 49f4 -
     28848 748c -
     22368 327c -
     43936 4f78 -
     59672 a19c -
     36160 f98c -
     33200 e2b0 -
     63092 7e08 -
     49444 68cc -
     38688 f2a0 -
     35256 a404 -
     14516 974 -
     45536 7ee0 -
     34508 ac30 -
     39720 5d70 -
     19596 6980 -
     60748 c870 -
     26704 10960 -
     63760 3274 -
     41120 c0f8 -
     19408 47cc -
     38216 8b10 -
     51848 a9c0 -
     34380 7b0 -
     74332 37d8 -
     31304 c0cc -
     39500 4fd8 -
     10908 11a1c -
     74036 ad78 -
     25704 37fc -
      8316 4c1c -
     72024 11a48 -
     41056 9d6c -
      9840 9a4 -
     70648 8018 -
     12872 12178 -
     39196 c738 27935
     66968 fe40 27935
     71008 9350 -
     42748 11a9c -
     45268 a310 -
     42004 af7c -
     70296 11e64 -
     13448 4aa8 -
      9360 109f8 -
     45144 1b84 -
     41400 111b4 -
     23404 9a40 -
     28744 10a68 -
     41272 5edc -
     66276 10f3c -
     36852 4f60 -
     66956 113bc -
     64608 10670 -
     34124 a358 -
     65928 5cec -
     35572 5704 -
     66648 fbb4 -
     39596 1c40 -
     24668 6f70 -
     39168 8db4 -
     29584 dafc -
     35016 b50c -
     63524 6b58 -
     32104 8c94 -
     56912 8d7c -
     66584 6884 -
     34540 4e78 -
     35560 ff10 -
     61752 f4f8 -
     17324 cbc4 -
     26392 1574 -
     59120 c368 -
     11588 ded0 -
     49388 dd2c -
     52808 c2d4 -
     57428 fe64 -
     12528 7ea4 -
     64100 80a4 -
     62260 103ec -
     62472 7e0c -
     24480 cce0 -
     43892 ffbc -
     39912 a014 -
     50356 8abc -
Cleaned out 123 stale readers
Refreshing native plugins compatible for Editor in 1555.35 ms, found 5 plugins.
Preloading 0 native plugins for Editor in 0.00 ms.
Initialize engine version: 2021.3.4f1 (cb45f9cae8b7)
[Subsystems] Discovering subsystems at path C:/Program Files/2021.3.4f1/Editor/Data/Resources/UnitySubsystems
[Subsystems] Discovering subsystems at path C:/Users/ndawi/starsailors/Assets
GfxDevice: creating device client; threaded=0; jobified=0
