Using pre-set license
Built from '2021.3/staging' branch; Version is '2021.3.4f1 (cb45f9cae8b7) revision 13321721'; Using compiler version '192829333'; Build Type 'Release'
OS: 'Windows 10  (10.0.19044) 64bit Core' Language: 'en' Physical Memory: 3914 MB
BatchMode: 1, IsHumanControllingUs: 0, StartBugReporterOnCrash: 0, Is64bit: 1, IsPro: 1

COMMAND LINE ARGUMENTS:
C:\Program Files\2021.3.4f1\Editor\Unity.exe
-adb2
-batchMode
-noUpm
-name
AssetImportWorker373
-projectPath
C:/Users/ndawi/starsailors
-logFile
Logs/AssetImportWorker373.log
-srvPort
55974
Successfully changed project path to: C:/Users/ndawi/starsailors
C:/Users/ndawi/starsailors
[UnityMemory] Configuration Parameters - Can be set up in boot.config
    "memorysetup-bucket-allocator-granularity=16"
    "memorysetup-bucket-allocator-bucket-count=8"
    "memorysetup-bucket-allocator-block-size=33554432"
    "memorysetup-bucket-allocator-block-count=8"
    "memorysetup-main-allocator-block-size=16777216"
    "memorysetup-thread-allocator-block-size=16777216"
    "memorysetup-gfx-main-allocator-block-size=16777216"
    "memorysetup-gfx-thread-allocator-block-size=16777216"
    "memorysetup-cache-allocator-block-size=4194304"
    "memorysetup-typetree-allocator-block-size=2097152"
    "memorysetup-profiler-bucket-allocator-granularity=16"
    "memorysetup-profiler-bucket-allocator-bucket-count=8"
    "memorysetup-profiler-bucket-allocator-block-size=33554432"
    "memorysetup-profiler-bucket-allocator-block-count=8"
    "memorysetup-profiler-allocator-block-size=16777216"
    "memorysetup-profiler-editor-allocator-block-size=1048576"
    "memorysetup-temp-allocator-size-main=16777216"
    "memorysetup-job-temp-allocator-block-size=2097152"
    "memorysetup-job-temp-allocator-block-size-background=1048576"
    "memorysetup-job-temp-allocator-reduction-small-platforms=262144"
    "memorysetup-temp-allocator-size-background-worker=32768"
    "memorysetup-temp-allocator-size-job-worker=262144"
    "memorysetup-temp-allocator-size-preload-manager=33554432"
    "memorysetup-temp-allocator-size-nav-mesh-worker=65536"
    "memorysetup-temp-allocator-size-audio-worker=65536"
    "memorysetup-temp-allocator-size-cloud-worker=32768"
    "memorysetup-temp-allocator-size-gi-baking-worker=262144"
    "memorysetup-temp-allocator-size-gfx=262144"
mdb reader table full -> cleaning up stale readers. Current readers:
    pid     thread     txnid
     38172 8c54 26397
     42312 abdc -
     67940 9ec8 -
     55620 c2cc -
     66708 e9d4 -
     53160 d080 -
     53656 d378 -
     20696 dd50 -
     53244 c958 -
     56888 d1dc -
     48016 c9f8 -
     52980 cca0 -
     56004 8fc8 -
      1664 cfcc -
     62536 6558 -
     30792 2dac -
      9828 8904 -
     48324 5f54 -
     53448 7968 -
     28044 d0c0 -
     26684 d60c -
     50344 cc18 -
     16016 c24c -
     24988 6568 -
     52252 22e0 -
     15976 7f18 -
     47124 d280 -
     47832 11288 -
     32668 c734 -
     40216 82b4 -
     47752 32b0 -
     41764 d6c4 -
     36164 ade4 -
     73424 a19c -
     69232 80b0 -
      7348 64d8 -
     34380 ae90 -
     43060 8ca0 -
     42544 a490 -
      1072 9944 -
     27836 5c3c -
     13844 c834 -
     38688 94ac -
     50220 7cac -
     32508 5034 -
     39568 5c58 -
      9664 180c -
     19856 5d04 -
     14644 2f4c -
     48460 55ac -
     38672 173c -
     21316 c164 -
     27416 71b4 -
     50516 bcec 25571
     24728 4bd0 25571
     31016 1da4 -
     14060 61e4 -
     50892 720 -
     15292 8a54 -
     32264 6290 25577
     22736 3068 25577
     36332 3ec8 -
     16892 4c90 -
      4376 2514 -
      8460 4c94 -
     13060 74d8 -
     33312 8708 -
     43912 5de4 -
     17820 3a80 -
      5488 2f1c -
     17512 c26c -
     11344 2b6c 25590
     20200 b18 -
      3080 4a58 -
     27136 4f50 -
     14016 c37c -
     15008 4610 -
      7148 86f8 -
     47984 5528 -
     16244 4094 25597
     49924 5354 25597
     45180 11e84 25600
     45516 1490 -
      8348 1908 25601
      8636 287c -
     72924 1bc0 -
      6436 1974 -
     13228 1237c -
     36224 fd78 25605
     49104 1144 -
     69976 10be8 -
     16372 c6dc -
      8916 1bf8 -
     71520 10e94 -
      9920 122a8 -
     51136 a3b4 -
     35732 1223c -
     70836 11f88 25615
     43896 9448 -
     54672 12208 -
     72252 11d64 -
     49384 8ee8 -
     27260 1064 26369
     66496 72cc 26371
     28888 6e00 -
     40332 a17c -
      4380 cb88 -
     38036 375c -
     17680 1037c -
     31608 f91c 26377
     29208 f498 -
     29420 697c -
     37656 5bc4 -
     36988 e338 -
     62584 f2a0 -
     29384 fbd4 -
     27308 f3b4 -
     59716 8e8c -
     53128 ea0c -
     24656 9e5c 26389
     48848 3ea8 -
     29116 ea8c -
     25848 8f78 -
     62276 de80 -
     47656 df50 -
     61192 9ce0 -
Cleaned out 125 stale readers
Refreshing native plugins compatible for Editor in 1064.20 ms, found 5 plugins.
Preloading 0 native plugins for Editor in 0.00 ms.
Initialize engine version: 2021.3.4f1 (cb45f9cae8b7)
[Subsystems] Discovering subsystems at path C:/Program Files/2021.3.4f1/Editor/Data/Resources/UnitySubsystems
[Subsystems] Discovering subsystems at path C:/Users/ndawi/starsailors/Assets
GfxDevice: creating device client; threaded=0; jobified=0
Direct3D:
    Version:  Direct3D 11.0 [level 11.0]
    Renderer: Intel(R) HD Graphics (ID=0xf31)
    Vendor:   Intel
    VRAM:     128 MB
    Driver:   10.18.10.4252
Initialize mono
Mono path[0] = 'C:/Program Files/2021.3.4f1/Editor/Data/Managed'
Mono path[1] = 'C:/Program Files/2021.3.4f1/Editor/Data/MonoBleedingEdge/lib/mono/unityjit-win32'
Mono config path = 'C:/Program Files/2021.3.4f1/Editor/Data/MonoBleedingEdge/etc'
Using monoOptions --debugger-agent=transport=dt_socket,embedding=1,server=y,suspend=n,address=127.0.0.1:56160
Begin MonoManager ReloadAssembly
Registering precompiled unity dll's ...
Register platform support module: C:/Program Files/2021.3.4f1/Editor/Data/PlaybackEngines/WebGLSupport/UnityEditor.WebGL.Extensions.dll
Register platform support module: C:/Program Files/2021.3.4f1/Editor/Data/PlaybackEngines/WindowsStandaloneSupport/UnityEditor.WindowsStandalone.Extensions.dll
Registered in 0.031082 seconds.
Native extension for WindowsStandalone target not found
Native extension for WebGL target not found
Refreshing native plugins compatible for Editor in 1020.76 ms, found 5 plugins.
Preloading 0 native plugins for Editor in 0.00 ms.
Mono: successfully reloaded assembly
- Completed reload, in  3.943 seconds
Domain Reload Profiling:
	ReloadAssembly (3946ms)
		BeginReloadAssembly (464ms)
			ExecutionOrderSort (0ms)
			DisableScriptedObjects (0ms)
			BackupInstance (0ms)
			ReleaseScriptingObjects (0ms)
			CreateAndSetChildDomain (8ms)
		EndReloadAssembly (2912ms)
			LoadAssemblies (408ms)
			RebuildTransferFunctionScriptingTraits (0ms)
			SetupTypeCache (617ms)
			ReleaseScriptCaches (0ms)
			RebuildScriptCaches (146ms)
			SetupLoadedEditorAssemblies (1886ms)
				LogAssemblyErrors (0ms)
				InitializePlatformSupportModulesInManaged (38ms)
				SetLoadedEditorAssemblies (1ms)
				RefreshPlugins (1021ms)
				BeforeProcessingInitializeOnLoad (4ms)
				ProcessInitializeOnLoadAttributes (600ms)
				ProcessInitializeOnLoadMethodAttributes (221ms)
				AfterProcessingInitializeOnLoad (0ms)
				EditorAssembliesLoaded (1ms)
			ExecutionOrderSort2 (0ms)
			AwakeInstancesAfterBackupRestoration (0ms)
Platform modules already initialized, skipping
Registering precompiled user dll's ...
Registered in 0.073258 seconds.
