Using pre-set license
Built from '2021.3/staging' branch; Version is '2021.3.4f1 (cb45f9cae8b7) revision 13321721'; Using compiler version '192829333'; Build Type 'Release'
OS: 'Windows 10  (10.0.19044) 64bit Core' Language: 'en' Physical Memory: 3914 MB
BatchMode: 1, IsHumanControllingUs: 0, StartBugReporterOnCrash: 0, Is64bit: 1, IsPro: 1

COMMAND LINE ARGUMENTS:
C:\Program Files\2021.3.4f1\Editor\Unity.exe
-adb2
-batchMode
-noUpm
-name
AssetImportWorker2150
-projectPath
C:/Users/ndawi/starsailors
-logFile
Logs/AssetImportWorker2150.log
-srvPort
52809
Successfully changed project path to: C:/Users/ndawi/starsailors
C:/Users/ndawi/starsailors
[UnityMemory] Configuration Parameters - Can be set up in boot.config
    "memorysetup-bucket-allocator-granularity=16"
    "memorysetup-bucket-allocator-bucket-count=8"
    "memorysetup-bucket-allocator-block-size=33554432"
    "memorysetup-bucket-allocator-block-count=8"
    "memorysetup-main-allocator-block-size=16777216"
    "memorysetup-thread-allocator-block-size=16777216"
    "memorysetup-gfx-main-allocator-block-size=16777216"
    "memorysetup-gfx-thread-allocator-block-size=16777216"
    "memorysetup-cache-allocator-block-size=4194304"
    "memorysetup-typetree-allocator-block-size=2097152"
    "memorysetup-profiler-bucket-allocator-granularity=16"
    "memorysetup-profiler-bucket-allocator-bucket-count=8"
    "memorysetup-profiler-bucket-allocator-block-size=33554432"
    "memorysetup-profiler-bucket-allocator-block-count=8"
    "memorysetup-profiler-allocator-block-size=16777216"
    "memorysetup-profiler-editor-allocator-block-size=1048576"
    "memorysetup-temp-allocator-size-main=16777216"
    "memorysetup-job-temp-allocator-block-size=2097152"
    "memorysetup-job-temp-allocator-block-size-background=1048576"
    "memorysetup-job-temp-allocator-reduction-small-platforms=262144"
    "memorysetup-temp-allocator-size-background-worker=32768"
    "memorysetup-temp-allocator-size-job-worker=262144"
    "memorysetup-temp-allocator-size-preload-manager=33554432"
    "memorysetup-temp-allocator-size-nav-mesh-worker=65536"
    "memorysetup-temp-allocator-size-audio-worker=65536"
    "memorysetup-temp-allocator-size-cloud-worker=32768"
    "memorysetup-temp-allocator-size-gi-baking-worker=262144"
    "memorysetup-temp-allocator-size-gfx=262144"
mdb reader table full -> cleaning up stale readers. Current readers:
    pid     thread     txnid
      3380 c3e8 -
     58484 cd74 -
     46284 662c -
     37596 2ab0 -
     22772 d240 -
     45172 2748 -
     25028 f88c -
     16668 9628 -
     35944 120c -
     48356 6f8c -
     67696 48fc -
     13896 834 -
     44732 32d0 -
     56592 3ae0 -
     34900 3b64 -
     59400 c00c -
     33444 4e48 -
     60804 5954 -
     18560 5780 -
     50580 64d8 -
     28428 5508 -
     20340 4488 -
     39656 3a80 -
      8456 aef0 -
     42372 6570 -
      5104 6c90 -
     10384 db3c -
       128 eec8 -
     44012 4490 -
     16508 3a60 -
     36520 5d10 -
     46736 23fc -
     27552 48bc -
     12624 92b4 -
     64692 31a8 -
     31132 83d4 -
     45400 12014 -
     19852 1740 -
     70736 6d80 -
       428 3448 -
     53688 12328 -
     10500 2ed0 -
     65640 5558 -
     66764 940c -
     52076 a664 -
     22940 11fa0 -
     68512 362c -
     49908 4f4c -
     29676 5574 -
     42096 1a54 -
     26896 314c -
     73132 94bc -
     16980 fc78 -
     36240 35b8 -
     43220 66c0 -
     62188 1e44 -
     45820 f508 -
     27616 11430 -
     19008 11394 -
     44448 5d1c -
     14108 6168 29113
     60192 ffb8 29113
     50948 15b8 -
     62976 11c94 -
      5920 a06c -
     63292 b9e0 -
     25220 111f8 -
     25532 5d48 -
     72844 e074 -
     41740 30fc -
     43384 114dc -
      5572 7960 -
     19308 bbd0 -
     61536 e2a8 -
     12588 f720 -
     50060 a9dc -
     68156 9f20 -
     58900 cfb4 -
     29520 2960 -
     39156 e3a0 -
     29132 12398 -
     20512 b770 -
     26932 f390 -
     28568 2ab8 -
     29504 33d0 -
     61900 4b8c -
      6940 c204 -
     70960 8658 -
     40588 f40c -
     59164 576c -
     66512 109d4 -
     37072 4b48 -
     41812 97f8 -
     52456 11b00 -
     51644 d2b0 -
     32120 543c -
     38760 3728 -
     25800 f034 -
     49392 cdfc -
     32872 10f8c -
     11116 aefc 29153
     65580 3890 29153
     50436 53e0 -
     50744 cd28 -
     50140 11b2c -
     42700 fdd4 -
     19972 80ac -
     22580 d62c -
     32644 63ec -
     23472 aa40 -
     62340 12224 -
     27872 796c -
     17580 7b94 -
     48680 3d20 -
     18216 cde0 -
     11288 31c8 -
     40748 a500 -
     40668 d120 -
     37176 fcd4 -
     74184 22f0 -
     52436 4b7c -
     11928 ac48 -
     31776 d034 -
     26460 e3c4 -
     27856 4020 -
     17196 1f38 -
Cleaned out 118 stale readers
Refreshing native plugins compatible for Editor in 1640.51 ms, found 5 plugins.
Preloading 0 native plugins for Editor in 0.00 ms.
Initialize engine version: 2021.3.4f1 (cb45f9cae8b7)
[Subsystems] Discovering subsystems at path C:/Program Files/2021.3.4f1/Editor/Data/Resources/UnitySubsystems
[Subsystems] Discovering subsystems at path C:/Users/ndawi/starsailors/Assets
GfxDevice: creating device client; threaded=0; jobified=0
Direct3D:
    Version:  Direct3D 11.0 [level 11.0]
    Renderer: Intel(R) HD Graphics (ID=0xf31)
    Vendor:   Intel
    VRAM:     128 MB
    Driver:   10.18.10.4252
Initialize mono
Mono path[0] = 'C:/Program Files/2021.3.4f1/Editor/Data/Managed'
Mono path[1] = 'C:/Program Files/2021.3.4f1/Editor/Data/MonoBleedingEdge/lib/mono/unityjit-win32'
Mono config path = 'C:/Program Files/2021.3.4f1/Editor/Data/MonoBleedingEdge/etc'
Using monoOptions --debugger-agent=transport=dt_socket,embedding=1,server=y,suspend=n,address=127.0.0.1:56828
Begin MonoManager ReloadAssembly
Registering precompiled unity dll's ...
Register platform support module: C:/Program Files/2021.3.4f1/Editor/Data/PlaybackEngines/WebGLSupport/UnityEditor.WebGL.Extensions.dll
Register platform support module: C:/Program Files/2021.3.4f1/Editor/Data/PlaybackEngines/WindowsStandaloneSupport/UnityEditor.WindowsStandalone.Extensions.dll
Registered in 0.040039 seconds.
Native extension for WindowsStandalone target not found
Native extension for WebGL target not found
Refreshing native plugins compatible for Editor in 1463.68 ms, found 5 plugins.
Preloading 0 native plugins for Editor in 0.00 ms.
Mono: successfully reloaded assembly
- Completed reload, in  6.183 seconds
Domain Reload Profiling:
	ReloadAssembly (6187ms)
		BeginReloadAssembly (654ms)
			ExecutionOrderSort (0ms)
			DisableScriptedObjects (0ms)
			BackupInstance (0ms)
			ReleaseScriptingObjects (0ms)
			CreateAndSetChildDomain (5ms)
		EndReloadAssembly (4650ms)
			LoadAssemblies (643ms)
			RebuildTransferFunctionScriptingTraits (0ms)
			SetupTypeCache (946ms)
			ReleaseScriptCaches (0ms)
			RebuildScriptCaches (210ms)
			SetupLoadedEditorAssemblies (3054ms)
				LogAssemblyErrors (0ms)
				InitializePlatformSupportModulesInManaged (76ms)
				SetLoadedEditorAssemblies (2ms)
				RefreshPlugins (1464ms)
				BeforeProcessingInitializeOnLoad (6ms)
				ProcessInitializeOnLoadAttributes (1076ms)
				ProcessInitializeOnLoadMethodAttributes (430ms)
				AfterProcessingInitializeOnLoad (0ms)
				EditorAssembliesLoaded (1ms)
			ExecutionOrderSort2 (0ms)
			AwakeInstancesAfterBackupRestoration (0ms)
Platform modules already initialized, skipping
Registering precompiled user dll's ...
Registered in 0.107580 seconds.
