Using pre-set license
Built from '2021.3/staging' branch; Version is '2021.3.4f1 (cb45f9cae8b7) revision 13321721'; Using compiler version '192829333'; Build Type 'Release'
OS: 'Windows 10  (10.0.19044) 64bit Core' Language: 'en' Physical Memory: 3914 MB
BatchMode: 1, IsHumanControllingUs: 0, StartBugReporterOnCrash: 0, Is64bit: 1, IsPro: 1

COMMAND LINE ARGUMENTS:
C:\Program Files\2021.3.4f1\Editor\Unity.exe
-adb2
-batchMode
-noUpm
-name
AssetImportWorker2710
-projectPath
C:/Users/ndawi/starsailors
-logFile
Logs/AssetImportWorker2710.log
-srvPort
52809
Successfully changed project path to: C:/Users/ndawi/starsailors
C:/Users/ndawi/starsailors
[UnityMemory] Configuration Parameters - Can be set up in boot.config
    "memorysetup-bucket-allocator-granularity=16"
    "memorysetup-bucket-allocator-bucket-count=8"
    "memorysetup-bucket-allocator-block-size=33554432"
    "memorysetup-bucket-allocator-block-count=8"
    "memorysetup-main-allocator-block-size=16777216"
    "memorysetup-thread-allocator-block-size=16777216"
    "memorysetup-gfx-main-allocator-block-size=16777216"
    "memorysetup-gfx-thread-allocator-block-size=16777216"
    "memorysetup-cache-allocator-block-size=4194304"
    "memorysetup-typetree-allocator-block-size=2097152"
    "memorysetup-profiler-bucket-allocator-granularity=16"
    "memorysetup-profiler-bucket-allocator-bucket-count=8"
    "memorysetup-profiler-bucket-allocator-block-size=33554432"
    "memorysetup-profiler-bucket-allocator-block-count=8"
    "memorysetup-profiler-allocator-block-size=16777216"
    "memorysetup-profiler-editor-allocator-block-size=1048576"
    "memorysetup-temp-allocator-size-main=16777216"
    "memorysetup-job-temp-allocator-block-size=2097152"
    "memorysetup-job-temp-allocator-block-size-background=1048576"
    "memorysetup-job-temp-allocator-reduction-small-platforms=262144"
    "memorysetup-temp-allocator-size-background-worker=32768"
    "memorysetup-temp-allocator-size-job-worker=262144"
    "memorysetup-temp-allocator-size-preload-manager=33554432"
    "memorysetup-temp-allocator-size-nav-mesh-worker=65536"
    "memorysetup-temp-allocator-size-audio-worker=65536"
    "memorysetup-temp-allocator-size-cloud-worker=32768"
    "memorysetup-temp-allocator-size-gi-baking-worker=262144"
    "memorysetup-temp-allocator-size-gfx=262144"
mdb reader table full -> cleaning up stale readers. Current readers:
    pid     thread     txnid
      3380 c3e8 -
      3380 f580 -
      3380 26d0 -
     66672 c5f4 -
     25452 e040 -
     12092 aea0 -
     64064 80d4 -
      3380 5ba0 -
     30084 2b3c -
     73976 7888 -
     32088 9564 -
     62068 105ec -
     34708 4690 -
     59416 6724 -
     68676 8be4 -
     70404 b208 -
     35332 dda8 -
     14764 57d4 -
     57620 8504 -
     20656 f5fc -
     68984 d77c -
     28968 d740 -
     29352 8074 -
     13836 956c -
     16140 74bc -
     40608 2958 -
     14372 82bc -
     32084 4d58 -
     55128 12298 -
     15176 3644 -
     15752 52b8 -
     59192 fd98 -
     52580 6878 -
     10940 10cb8 -
     52220 e64c -
     64124 5fc0 -
     23764 2d58 -
     21712 11220 19940
     26548 11098 -
     56668 3694 -
     13824 ff78 -
     59044 118d0 -
     68312 b130 -
     22704 4188 -
      8148 1b78 -
     29308 534c -
     12808 1000c -
      7148 8f78 -
     10844 5e54 -
     32972 acf8 19952
     21896 b9d0 -
     46924 b480 -
     66744 fe04 -
     68116 6f30 -
     13584 11108 -
     67436 72b0 -
     70044 afa4 -
     57972 101c4 -
     31904 3e74 -
     69980 1021c -
     39520 11f64 -
     52496 1036c -
     65380 a2a8 -
     68504 7e4c -
     52736 2238 -
     73320 f00 -
     56144 c200 -
     44728 fcd0 -
     62520 fd34 -
     50040 6c04 -
      7500 1139c -
     32520 66a0 -
     28440 1dc8 -
     43320 e64 -
     44816 100cc -
     54864 ac6c -
      7616 85b0 19979
     14440 a970 -
     15896 e390 -
     16184 107f4 19982
     72052 d870 -
     57956 797c -
     49136 103cc 19985
     14328 e508 -
     18332 6dac -
     49108 267c -
     15208 f5d0 -
     50464 2b68 -
     44916 832c -
     39820 d9cc -
     53796 e604 -
     30840 3ad0 -
     34728 9b48 -
     35628 4ad4 -
     71796 f98 -
     14180 121cc -
     12300 114c -
     67768 d67c -
     10472 33dc -
      4732 fd50 -
     24464 11948 -
     41376 2fb8 -
     73308 10dec -
     32824 81f0 -
     33236 e2f0 -
     36328 ab14 -
     56056 30ac -
      3932 10fd4 -
     70052 108f0 -
      6484 6634 -
     66896 4340 -
     71256 118cc -
     59732 7d10 -
     33848 10924 -
     31648 af78 -
     20788 bc80 -
     11188 11f00 -
     70516 9504 20025
     44896 f858 -
     30816 e908 -
     23668 20fc -
     67976 5dc0 -
     49332 bdd4 -
     45684 9274 -
      3116 51f4 -
     21596 f650 -
Cleaned out 122 stale readers
Refreshing native plugins compatible for Editor in 1844.04 ms, found 5 plugins.
Preloading 0 native plugins for Editor in 0.00 ms.
Initialize engine version: 2021.3.4f1 (cb45f9cae8b7)
[Subsystems] Discovering subsystems at path C:/Program Files/2021.3.4f1/Editor/Data/Resources/UnitySubsystems
[Subsystems] Discovering subsystems at path C:/Users/ndawi/starsailors/Assets
GfxDevice: creating device client; threaded=0; jobified=0
Direct3D:
    Version:  Direct3D 11.0 [level 11.0]
    Renderer: Intel(R) HD Graphics (ID=0xf31)
    Vendor:   Intel
    VRAM:     128 MB
    Driver:   10.18.10.4252
Initialize mono
Mono path[0] = 'C:/Program Files/2021.3.4f1/Editor/Data/Managed'
Mono path[1] = 'C:/Program Files/2021.3.4f1/Editor/Data/MonoBleedingEdge/lib/mono/unityjit-win32'
Mono config path = 'C:/Program Files/2021.3.4f1/Editor/Data/MonoBleedingEdge/etc'
Using monoOptions --debugger-agent=transport=dt_socket,embedding=1,server=y,suspend=n,address=127.0.0.1:56564
Begin MonoManager ReloadAssembly
Registering precompiled unity dll's ...
Register platform support module: C:/Program Files/2021.3.4f1/Editor/Data/PlaybackEngines/WebGLSupport/UnityEditor.WebGL.Extensions.dll
Register platform support module: C:/Program Files/2021.3.4f1/Editor/Data/PlaybackEngines/WindowsStandaloneSupport/UnityEditor.WindowsStandalone.Extensions.dll
Registered in 0.025750 seconds.
Native extension for WindowsStandalone target not found
Native extension for WebGL target not found
Refreshing native plugins compatible for Editor in 1042.44 ms, found 5 plugins.
Preloading 0 native plugins for Editor in 0.00 ms.
Mono: successfully reloaded assembly
- Completed reload, in  3.781 seconds
Domain Reload Profiling:
	ReloadAssembly (3783ms)
		BeginReloadAssembly (357ms)
			ExecutionOrderSort (0ms)
			DisableScriptedObjects (0ms)
			BackupInstance (0ms)
			ReleaseScriptingObjects (0ms)
			CreateAndSetChildDomain (3ms)
		EndReloadAssembly (2890ms)
			LoadAssemblies (349ms)
			RebuildTransferFunctionScriptingTraits (0ms)
			SetupTypeCache (567ms)
			ReleaseScriptCaches (0ms)
			RebuildScriptCaches (149ms)
			SetupLoadedEditorAssemblies (1895ms)
				LogAssemblyErrors (0ms)
				InitializePlatformSupportModulesInManaged (39ms)
				SetLoadedEditorAssemblies (1ms)
				RefreshPlugins (1043ms)
				BeforeProcessingInitializeOnLoad (5ms)
				ProcessInitializeOnLoadAttributes (593ms)
				ProcessInitializeOnLoadMethodAttributes (214ms)
				AfterProcessingInitializeOnLoad (0ms)
				EditorAssembliesLoaded (0ms)
			ExecutionOrderSort2 (0ms)
			AwakeInstancesAfterBackupRestoration (0ms)
Platform modules already initialized, skipping
Registering precompiled user dll's ...
Registered in 0.099993 seconds.
