Using pre-set license
Built from '2021.3/staging' branch; Version is '2021.3.4f1 (cb45f9cae8b7) revision 13321721'; Using compiler version '192829333'; Build Type 'Release'
OS: 'Windows 10  (10.0.19044) 64bit Core' Language: 'en' Physical Memory: 3914 MB
BatchMode: 1, IsHumanControllingUs: 0, StartBugReporterOnCrash: 0, Is64bit: 1, IsPro: 1

COMMAND LINE ARGUMENTS:
C:\Program Files\2021.3.4f1\Editor\Unity.exe
-adb2
-batchMode
-noUpm
-name
AssetImportWorker478
-projectPath
C:/Users/ndawi/starsailors
-logFile
Logs/AssetImportWorker478.log
-srvPort
52809
Successfully changed project path to: C:/Users/ndawi/starsailors
C:/Users/ndawi/starsailors
[UnityMemory] Configuration Parameters - Can be set up in boot.config
    "memorysetup-bucket-allocator-granularity=16"
    "memorysetup-bucket-allocator-bucket-count=8"
    "memorysetup-bucket-allocator-block-size=33554432"
    "memorysetup-bucket-allocator-block-count=8"
    "memorysetup-main-allocator-block-size=16777216"
    "memorysetup-thread-allocator-block-size=16777216"
    "memorysetup-gfx-main-allocator-block-size=16777216"
    "memorysetup-gfx-thread-allocator-block-size=16777216"
    "memorysetup-cache-allocator-block-size=4194304"
    "memorysetup-typetree-allocator-block-size=2097152"
    "memorysetup-profiler-bucket-allocator-granularity=16"
    "memorysetup-profiler-bucket-allocator-bucket-count=8"
    "memorysetup-profiler-bucket-allocator-block-size=33554432"
    "memorysetup-profiler-bucket-allocator-block-count=8"
    "memorysetup-profiler-allocator-block-size=16777216"
    "memorysetup-profiler-editor-allocator-block-size=1048576"
    "memorysetup-temp-allocator-size-main=16777216"
    "memorysetup-job-temp-allocator-block-size=2097152"
    "memorysetup-job-temp-allocator-block-size-background=1048576"
    "memorysetup-job-temp-allocator-reduction-small-platforms=262144"
    "memorysetup-temp-allocator-size-background-worker=32768"
    "memorysetup-temp-allocator-size-job-worker=262144"
    "memorysetup-temp-allocator-size-preload-manager=33554432"
    "memorysetup-temp-allocator-size-nav-mesh-worker=65536"
    "memorysetup-temp-allocator-size-audio-worker=65536"
    "memorysetup-temp-allocator-size-cloud-worker=32768"
    "memorysetup-temp-allocator-size-gi-baking-worker=262144"
    "memorysetup-temp-allocator-size-gfx=262144"
mdb reader table full -> cleaning up stale readers. Current readers:
    pid     thread     txnid
      3380 c3e8 -
     41444 a614 -
     45324 11fdc -
     40460 9190 -
     43972 8e10 -
     40896 b190 -
     70844 117ec -
     24904 60f0 -
     46416 11144 -
     17172 7a58 -
     72528 3a88 -
     43248 111dc -
     41708 117e4 -
     44948 10850 -
     64784 1e68 -
     45240 d7e0 -
     44776 105ac -
     68264 11be8 -
     68960 106a0 -
     68468 10fa0 -
     70868 105fc -
     71596 108e8 -
     31204 6954 -
     25436 66e0 -
     61448 1026c -
     44236 10d84 -
     66104 6b20 -
     29072 43dc -
     71288 7d20 -
     66028 a0a8 -
     29136 117dc -
     68076 ffdc -
     66344 fd44 -
     29980 10a94 -
     62304 106ec -
     27456 6318 -
     26560 a2f4 -
     35236 12158 -
     29552 7284 -
     24992 f804 -
     43688 64a8 -
     29476 fc70 -
     28168 b7c8 -
     64924 6aa8 -
     60596 f3d4 -
     62488 7650 -
     61760 8538 -
     61996 5938 -
     65408 f654 -
     65680 f354 -
     68320 f9f4 -
     59640 ea68 -
     74728 5900 -
     63612 fb94 -
     63372 8c64 -
     60920 e7b8 -
     17788 2db4 -
     16560 5a9c -
     40500 2430 -
     57376 ba70 -
     59588 9fe4 -
     58332 e948 -
     36024 c3f8 -
     42040 fc0c -
     59344 c0dc -
     56024 722c -
     55924 e358 -
     29248 cda0 -
     36184 8020 -
     60420 5278 -
     50784 d48c -
     38452 d490 -
     25096 ee38 -
     33380 d5d4 -
     64764 2f50 -
      9688 fa20 -
     55968 d9f4 -
     57508 c9ac -
     56208 e220 -
     47644 d8b0 -
     58008 d1d8 -
     54776 a9f8 -
     26552 9f88 -
     49764 2c3c -
     52604 ab2c -
     48900 4da8 -
     52688 da8c -
     36076 334c -
     40812 8e0c -
     53776 d660 -
     20108 6db4 -
     30848 c7cc -
     24972 cc6c -
     36672 292c -
      7948 4b2c -
     38476 4e64 -
     44244 c4a4 -
     22728 9f34 -
      9788 db78 -
     17400 91e0 -
      6132 63e4 -
     51008 5bdc -
     52988 30d0 -
     72044 9ef4 -
      6380 d33c -
     44472 cfd8 -
     45880 ca44 -
     20484 7c70 -
     17060 494c -
     36752 2dfc -
     69564 868c -
      8604 b954 -
     39480 4a7c -
     15348 c1a0 -
     37252 c57c -
     13400 c0a0 -
     70468 482c -
     15508 89d0 -
     15548 b88 -
     45856 11618 -
     44788 59c4 -
      3816 7a00 -
     45084 e4b8 -
     47628 ad58 -
     67796 114ec -
     44876 b7cc -
Cleaned out 120 stale readers
Refreshing native plugins compatible for Editor in 1386.59 ms, found 5 plugins.
Preloading 0 native plugins for Editor in 0.00 ms.
Initialize engine version: 2021.3.4f1 (cb45f9cae8b7)
[Subsystems] Discovering subsystems at path C:/Program Files/2021.3.4f1/Editor/Data/Resources/UnitySubsystems
[Subsystems] Discovering subsystems at path C:/Users/ndawi/starsailors/Assets
GfxDevice: creating device client; threaded=0; jobified=0
