Using pre-set license
Built from '2021.3/staging' branch; Version is '2021.3.4f1 (cb45f9cae8b7) revision 13321721'; Using compiler version '192829333'; Build Type 'Release'
OS: 'Windows 10  (10.0.19044) 64bit Core' Language: 'en' Physical Memory: 3914 MB
BatchMode: 1, IsHumanControllingUs: 0, StartBugReporterOnCrash: 0, Is64bit: 1, IsPro: 1

COMMAND LINE ARGUMENTS:
C:\Program Files\2021.3.4f1\Editor\Unity.exe
-adb2
-batchMode
-noUpm
-name
AssetImportWorker349
-projectPath
C:/Users/ndawi/starsailors
-logFile
Logs/AssetImportWorker349.log
-srvPort
52809
Successfully changed project path to: C:/Users/ndawi/starsailors
C:/Users/ndawi/starsailors
[UnityMemory] Configuration Parameters - Can be set up in boot.config
    "memorysetup-bucket-allocator-granularity=16"
    "memorysetup-bucket-allocator-bucket-count=8"
    "memorysetup-bucket-allocator-block-size=33554432"
    "memorysetup-bucket-allocator-block-count=8"
    "memorysetup-main-allocator-block-size=16777216"
    "memorysetup-thread-allocator-block-size=16777216"
    "memorysetup-gfx-main-allocator-block-size=16777216"
    "memorysetup-gfx-thread-allocator-block-size=16777216"
    "memorysetup-cache-allocator-block-size=4194304"
    "memorysetup-typetree-allocator-block-size=2097152"
    "memorysetup-profiler-bucket-allocator-granularity=16"
    "memorysetup-profiler-bucket-allocator-bucket-count=8"
    "memorysetup-profiler-bucket-allocator-block-size=33554432"
    "memorysetup-profiler-bucket-allocator-block-count=8"
    "memorysetup-profiler-allocator-block-size=16777216"
    "memorysetup-profiler-editor-allocator-block-size=1048576"
    "memorysetup-temp-allocator-size-main=16777216"
    "memorysetup-job-temp-allocator-block-size=2097152"
    "memorysetup-job-temp-allocator-block-size-background=1048576"
    "memorysetup-job-temp-allocator-reduction-small-platforms=262144"
    "memorysetup-temp-allocator-size-background-worker=32768"
    "memorysetup-temp-allocator-size-job-worker=262144"
    "memorysetup-temp-allocator-size-preload-manager=33554432"
    "memorysetup-temp-allocator-size-nav-mesh-worker=65536"
    "memorysetup-temp-allocator-size-audio-worker=65536"
    "memorysetup-temp-allocator-size-cloud-worker=32768"
    "memorysetup-temp-allocator-size-gi-baking-worker=262144"
    "memorysetup-temp-allocator-size-gfx=262144"
mdb reader table full -> cleaning up stale readers. Current readers:
    pid     thread     txnid
      3380 c3e8 -
      3380 f580 -
      3380 26d0 -
     53084 7640 -
     53516 cdb4 -
     12264 d144 -
     56640 d8fc -
      3380 5ba0 -
     52868 e124 -
     44168 93e8 -
     50964 b110 -
     51552 d5e8 -
     22436 e3a4 -
     47500 7df4 -
     53872 9f38 -
     52488 82e0 -
     28120 8d30 -
     11920 399c -
     53976 c38 -
     46264 8bb8 17549
     26532 88b4 17549
     32328 b768 -
     51296 874c -
     39080 7e20 -
     52012 b8c4 -
     50636 10b4 -
     72816 739c -
     60336 b8a0 -
     39328 8a78 -
     20808 62e4 -
     53732 78c0 -
     50392 36d0 -
     35496 11fcc -
       692 ab9c -
      6268 1894 -
     60968 f1c4 -
     71844 93d8 -
     29560 8d68 -
     23108 baf8 -
     27832 bdcc -
     63272 c28c -
     58996 9408 -
     70272 9884 -
     48980 408c -
     22200 76f4 -
     34388 2584 -
     43148 c468 -
     24316 aed4 -
     64516 6d44 -
     20404 8b08 -
     20816 4b40 -
     37580 3e24 -
     27708 7ea8 -
     50760 4a54 -
     48824 703c -
     31692 6fd8 -
     18740 4ae0 -
     44580 30c0 -
      6972 c0d4 -
      8412 c864 -
     12164 afa8 -
     47156 2e60 -
     26956 bcb4 -
     25932 2b90 -
     20812 8140 -
     31796 2374 -
     13740 2a3c -
     24440 3d00 -
     12576 2954 -
     44888 3cfc -
     47848 98b8 -
     24748 346c -
     22672 4404 -
     32132 38c0 -
     69108 7b44 -
     47896 bd20 -
     11296 1334 -
     48392 2148 -
     24528 e648 -
     13500 cf3c -
     41548 94f0 -
     30320 6b60 -
     28228 f2d8 -
     28024 11edc -
     32484 d76c -
     54344 11f3c -
     66856 1790 -
     17764 1918 -
     61316 8a54 -
     43896 7d5c -
     12448 ecec -
     12368 8fc8 -
     46148 28b4 -
     10676 d2bc -
     34564 720 -
     60024 41e0 -
     11192 86dc -
     24432 dee4 -
      8224 5b78 -
     41500 5f50 -
     25848 c3ac -
     50480 12d8 -
     11444 a518 -
     68300 a53c -
     66552 1008c -
     46452 4fac -
     18408 11a38 -
      4756 12350 -
     15048 3fbc -
     58184 f5d4 -
     64272 ce08 -
      7836 11be4 -
       116 d8f8 -
     52560 db44 -
     58284 e630 -
     54564 d9b0 -
     19520 e448 -
     56712 e320 -
      8912 4d34 -
     24472 50d4 -
      7684 1051c -
      9828 11c24 -
     66752 4790 -
     38100 1388 -
     35404 26f4 -
     45176 120a8 -
Cleaned out 119 stale readers
Refreshing native plugins compatible for Editor in 1587.35 ms, found 5 plugins.
Preloading 0 native plugins for Editor in 0.00 ms.
Initialize engine version: 2021.3.4f1 (cb45f9cae8b7)
[Subsystems] Discovering subsystems at path C:/Program Files/2021.3.4f1/Editor/Data/Resources/UnitySubsystems
[Subsystems] Discovering subsystems at path C:/Users/ndawi/starsailors/Assets
GfxDevice: creating device client; threaded=0; jobified=0
