Using pre-set license
Built from '2021.3/staging' branch; Version is '2021.3.4f1 (cb45f9cae8b7) revision 13321721'; Using compiler version '192829333'; Build Type 'Release'
OS: 'Windows 10  (10.0.19044) 64bit Core' Language: 'en' Physical Memory: 3914 MB
BatchMode: 1, IsHumanControllingUs: 0, StartBugReporterOnCrash: 0, Is64bit: 1, IsPro: 1

COMMAND LINE ARGUMENTS:
C:\Program Files\2021.3.4f1\Editor\Unity.exe
-adb2
-batchMode
-noUpm
-name
AssetImportWorker2590
-projectPath
C:/Users/ndawi/starsailors
-logFile
Logs/AssetImportWorker2590.log
-srvPort
52809
Successfully changed project path to: C:/Users/ndawi/starsailors
C:/Users/ndawi/starsailors
[UnityMemory] Configuration Parameters - Can be set up in boot.config
    "memorysetup-bucket-allocator-granularity=16"
    "memorysetup-bucket-allocator-bucket-count=8"
    "memorysetup-bucket-allocator-block-size=33554432"
    "memorysetup-bucket-allocator-block-count=8"
    "memorysetup-main-allocator-block-size=16777216"
    "memorysetup-thread-allocator-block-size=16777216"
    "memorysetup-gfx-main-allocator-block-size=16777216"
    "memorysetup-gfx-thread-allocator-block-size=16777216"
    "memorysetup-cache-allocator-block-size=4194304"
    "memorysetup-typetree-allocator-block-size=2097152"
    "memorysetup-profiler-bucket-allocator-granularity=16"
    "memorysetup-profiler-bucket-allocator-bucket-count=8"
    "memorysetup-profiler-bucket-allocator-block-size=33554432"
    "memorysetup-profiler-bucket-allocator-block-count=8"
    "memorysetup-profiler-allocator-block-size=16777216"
    "memorysetup-profiler-editor-allocator-block-size=1048576"
    "memorysetup-temp-allocator-size-main=16777216"
    "memorysetup-job-temp-allocator-block-size=2097152"
    "memorysetup-job-temp-allocator-block-size-background=1048576"
    "memorysetup-job-temp-allocator-reduction-small-platforms=262144"
    "memorysetup-temp-allocator-size-background-worker=32768"
    "memorysetup-temp-allocator-size-job-worker=262144"
    "memorysetup-temp-allocator-size-preload-manager=33554432"
    "memorysetup-temp-allocator-size-nav-mesh-worker=65536"
    "memorysetup-temp-allocator-size-audio-worker=65536"
    "memorysetup-temp-allocator-size-cloud-worker=32768"
    "memorysetup-temp-allocator-size-gi-baking-worker=262144"
    "memorysetup-temp-allocator-size-gfx=262144"
mdb reader table full -> cleaning up stale readers. Current readers:
    pid     thread     txnid
      3380 c3e8 -
      3380 f580 -
      3380 26d0 -
      6532 7004 -
      8796 9584 -
     49272 e170 -
     58892 e464 -
      3380 5ba0 -
     38700 11040 -
     51652 fda8 -
     23584 2780 -
     57720 2aa8 -
     22944 e88c -
     10816 10114 -
     55380 9928 -
      1920 e2dc -
     14848 438 -
     46392 10c60 -
     39792 d560 -
     65636 aa24 -
     39612 4b68 -
     22192 734 -
     30880 53a4 -
     37100 9bd0 -
     74428 8358 -
     43236 681c -
     11916 c628 -
     52948 6e60 -
     63932 a380 -
      8672 db60 -
     57452 3f30 -
     26824 e388 -
     30060 b454 -
     30764 11578 -
     71560 5730 -
     37068 9230 -
     35684 115d4 -
      3168 1129c -
      4708 8e8c -
     39620 3d4 -
      8404 f890 -
      4724 c1fc -
     67804 8bc -
     21620 f914 -
     12212 83dc -
     59436 dcc8 -
     49380 41fc -
     71524 de24 -
     39920 9d2c -
     30688 4070 -
     43928 dc70 -
     13364 e96c -
      6308 fd84 -
     30456 cb5c -
     37740 5050 -
     16468 c058 -
     40648 108b0 -
     59812 7efc -
     45284 79b0 -
     46268 bc20 -
     67480 a6d8 -
     52032 3a38 -
      9660 10340 -
     41492 c2c0 -
     17864 2a98 -
     40260 bc0c -
     29692 106e8 -
     62692 18d0 -
     48492 3f2c -
     25568 a7c8 -
     23148 31d0 -
     61612 8638 -
     24732 6f5c -
     51228 7468 -
     51732 9f70 -
     13488 101b4 -
     48756 c4f4 -
     54656 6704 -
     21192 108ec -
     35104 10f8 -
     25972 5f00 -
     40872 9cf4 -
     26948 f410 -
     71340 2ae4 -
     25244 616c -
     43728 222c -
     29380 b144 -
     31632 b8d4 -
     24180 1360 -
     57688 db08 -
     34376 3a08 -
     50652 e4ac -
     47828 1ac8 -
     54736 1204 -
     64028 8424 -
     62896 effc -
     26412 11460 -
     14352 cd18 -
     12688 134 -
     47536 d6c8 -
     53192 9588 -
     52360 31dc -
     73848 6524 -
     56428 64ec -
      4408 fc98 -
     49172 1158 -
     11272 78d8 -
     51356 2648 -
     74612 10654 -
     16368 4d90 -
      8632 ed20 -
     71092 108bc -
     61484 e1fc -
     57400 83ac -
     11796 d9f8 -
     22244 a884 -
     13004 6ed4 -
     24240 4d74 -
     73460 6c0 -
     42016 5f9c -
     70076 fae0 -
     44428 816c 19764
     49332 bdd4 -
     45684 9274 19903
     11344 11fa8 -
     18940 a990 -
Cleaned out 120 stale readers
Refreshing native plugins compatible for Editor in 1364.88 ms, found 5 plugins.
Preloading 0 native plugins for Editor in 0.00 ms.
Initialize engine version: 2021.3.4f1 (cb45f9cae8b7)
[Subsystems] Discovering subsystems at path C:/Program Files/2021.3.4f1/Editor/Data/Resources/UnitySubsystems
[Subsystems] Discovering subsystems at path C:/Users/ndawi/starsailors/Assets
GfxDevice: creating device client; threaded=0; jobified=0
Direct3D:
    Version:  Direct3D 11.0 [level 11.0]
    Renderer: Intel(R) HD Graphics (ID=0xf31)
    Vendor:   Intel
    VRAM:     128 MB
    Driver:   10.18.10.4252
Initialize mono
Mono path[0] = 'C:/Program Files/2021.3.4f1/Editor/Data/Managed'
Mono path[1] = 'C:/Program Files/2021.3.4f1/Editor/Data/MonoBleedingEdge/lib/mono/unityjit-win32'
Mono config path = 'C:/Program Files/2021.3.4f1/Editor/Data/MonoBleedingEdge/etc'
Using monoOptions --debugger-agent=transport=dt_socket,embedding=1,server=y,suspend=n,address=127.0.0.1:56672
Begin MonoManager ReloadAssembly
Registering precompiled unity dll's ...
Register platform support module: C:/Program Files/2021.3.4f1/Editor/Data/PlaybackEngines/WebGLSupport/UnityEditor.WebGL.Extensions.dll
Register platform support module: C:/Program Files/2021.3.4f1/Editor/Data/PlaybackEngines/WindowsStandaloneSupport/UnityEditor.WindowsStandalone.Extensions.dll
Registered in 0.041709 seconds.
Native extension for WindowsStandalone target not found
Native extension for WebGL target not found
Refreshing native plugins compatible for Editor in 1145.59 ms, found 5 plugins.
Preloading 0 native plugins for Editor in 0.00 ms.
Mono: successfully reloaded assembly
- Completed reload, in  4.438 seconds
Domain Reload Profiling:
	ReloadAssembly (4441ms)
		BeginReloadAssembly (377ms)
			ExecutionOrderSort (0ms)
			DisableScriptedObjects (0ms)
			BackupInstance (0ms)
			ReleaseScriptingObjects (0ms)
			CreateAndSetChildDomain (5ms)
		EndReloadAssembly (3378ms)
			LoadAssemblies (366ms)
			RebuildTransferFunctionScriptingTraits (1ms)
			SetupTypeCache (677ms)
			ReleaseScriptCaches (0ms)
			RebuildScriptCaches (165ms)
			SetupLoadedEditorAssemblies (2230ms)
				LogAssemblyErrors (0ms)
				InitializePlatformSupportModulesInManaged (47ms)
				SetLoadedEditorAssemblies (2ms)
				RefreshPlugins (1146ms)
				BeforeProcessingInitializeOnLoad (6ms)
				ProcessInitializeOnLoadAttributes (699ms)
				ProcessInitializeOnLoadMethodAttributes (330ms)
				AfterProcessingInitializeOnLoad (0ms)
				EditorAssembliesLoaded (0ms)
			ExecutionOrderSort2 (0ms)
			AwakeInstancesAfterBackupRestoration (0ms)
Platform modules already initialized, skipping
Registering precompiled user dll's ...
Registered in 0.076455 seconds.
