Using pre-set license
Built from '2021.3/staging' branch; Version is '2021.3.4f1 (cb45f9cae8b7) revision 13321721'; Using compiler version '192829333'; Build Type 'Release'
OS: 'Windows 10  (10.0.19044) 64bit Core' Language: 'en' Physical Memory: 3914 MB
BatchMode: 1, IsHumanControllingUs: 0, StartBugReporterOnCrash: 0, Is64bit: 1, IsPro: 1

COMMAND LINE ARGUMENTS:
C:\Program Files\2021.3.4f1\Editor\Unity.exe
-adb2
-batchMode
-noUpm
-name
AssetImportWorker2269
-projectPath
C:/Users/ndawi/starsailors
-logFile
Logs/AssetImportWorker2269.log
-srvPort
52809
Successfully changed project path to: C:/Users/ndawi/starsailors
C:/Users/ndawi/starsailors
[UnityMemory] Configuration Parameters - Can be set up in boot.config
    "memorysetup-bucket-allocator-granularity=16"
    "memorysetup-bucket-allocator-bucket-count=8"
    "memorysetup-bucket-allocator-block-size=33554432"
    "memorysetup-bucket-allocator-block-count=8"
    "memorysetup-main-allocator-block-size=16777216"
    "memorysetup-thread-allocator-block-size=16777216"
    "memorysetup-gfx-main-allocator-block-size=16777216"
    "memorysetup-gfx-thread-allocator-block-size=16777216"
    "memorysetup-cache-allocator-block-size=4194304"
    "memorysetup-typetree-allocator-block-size=2097152"
    "memorysetup-profiler-bucket-allocator-granularity=16"
    "memorysetup-profiler-bucket-allocator-bucket-count=8"
    "memorysetup-profiler-bucket-allocator-block-size=33554432"
    "memorysetup-profiler-bucket-allocator-block-count=8"
    "memorysetup-profiler-allocator-block-size=16777216"
    "memorysetup-profiler-editor-allocator-block-size=1048576"
    "memorysetup-temp-allocator-size-main=16777216"
    "memorysetup-job-temp-allocator-block-size=2097152"
    "memorysetup-job-temp-allocator-block-size-background=1048576"
    "memorysetup-job-temp-allocator-reduction-small-platforms=262144"
    "memorysetup-temp-allocator-size-background-worker=32768"
    "memorysetup-temp-allocator-size-job-worker=262144"
    "memorysetup-temp-allocator-size-preload-manager=33554432"
    "memorysetup-temp-allocator-size-nav-mesh-worker=65536"
    "memorysetup-temp-allocator-size-audio-worker=65536"
    "memorysetup-temp-allocator-size-cloud-worker=32768"
    "memorysetup-temp-allocator-size-gi-baking-worker=262144"
    "memorysetup-temp-allocator-size-gfx=262144"
mdb reader table full -> cleaning up stale readers. Current readers:
    pid     thread     txnid
      3380 c3e8 -
     62996 7ec -
     36828 66f0 -
     17960 3ed8 -
     18540 74b8 -
     71620 7520 -
     22084 2bac -
     52428 e69c -
     16904 5fc4 -
     34164 c72c -
     50272 d35c -
     49508 42d0 -
     56440 c708 -
     35472 3f34 -
     12356 2c28 -
     22524 3dac -
     72928 5854 -
     45760 910 -
     50808 80b4 -
     40008 2bb0 -
      8784 6538 -
     31980 10104 -
     27516 52e4 -
     16972 7180 -
     72460 120f4 -
     45156 a9c8 -
     55940 8844 -
     47160 7f3c -
     55572 9dec -
     33712 b980 -
     68384 a05c -
     35596 79f8 -
     21144 7c88 -
     18072 10e4c -
     33816 b560 -
     26520 f5a4 -
     27500 10098 -
     47420 107e8 -
     14304 211c -
     28540 abe4 -
     16540 8464 -
     73432 a534 -
      6912 4748 -
     27680 102b4 -
     32080 10dd8 -
     23796 a848 -
     43612 b520 -
       788 de8 -
     56764 f4f0 -
     15172 11668 -
     48216 bc34 -
     39892 47a4 -
     49212 6a84 -
     62568 d6d0 -
     46852 51f0 -
     71852 11020 -
     16672 a9ac -
     40472 dbb8 -
     71648 9f7c -
     21828 c8f4 -
     10708 fa2c -
     45992 11f4 -
     60484 cad8 -
     53868 db34 -
     56508 c5c4 -
     48612 bfdc -
     56740 4654 -
     32524 39a8 -
      6736 bee0 -
     53904 7c44 -
     63880 e184 -
     51408 cc5c -
     46700 10844 -
      5592 a1f8 -
     64600 a150 -
     53296 c050 -
     61228 2788 -
     19120 1da8 -
     26128 aee4 -
     11104 68d4 -
     25448 e494 -
     58004 11444 -
     60004 338c -
     22536 6244 -
     56904 3610 -
     38240 11810 -
     55320 152c -
     17136 8b74 -
     48212 47c0 -
     21780 dd08 -
     51532 6408 -
     70112 d16c -
     38868 8378 -
     61780 50b8 -
     74488 58ac -
     39068 2110 -
     50472 32bc -
      3164 7120 -
     62868 1be0 -
     37288 4574 -
     50756 6330 -
     29740 c8e0 -
      8592 b6d8 -
     51428 3958 -
     45984 10490 -
     35364 c150 -
     44044 7dd8 -
     23884 83a4 -
     66168 20c4 -
     25748 2860 -
     72744 dfcc -
     27872 796c -
     17580 7b94 -
     48680 3d20 -
     18216 cde0 -
     11288 31c8 -
     12524 2c88 -
      8184 4f20 -
     29128 24c4 -
     74184 22f0 -
     52436 4b7c -
     32740 6900 -
     50236 45d0 -
     14612 27d0 -
     39104 5408 -
      7696 bfa0 -
Cleaned out 121 stale readers
Refreshing native plugins compatible for Editor in 1611.92 ms, found 5 plugins.
Preloading 0 native plugins for Editor in 0.00 ms.
Initialize engine version: 2021.3.4f1 (cb45f9cae8b7)
[Subsystems] Discovering subsystems at path C:/Program Files/2021.3.4f1/Editor/Data/Resources/UnitySubsystems
[Subsystems] Discovering subsystems at path C:/Users/ndawi/starsailors/Assets
GfxDevice: creating device client; threaded=0; jobified=0
