Using pre-set license
Built from '2021.3/staging' branch; Version is '2021.3.4f1 (cb45f9cae8b7) revision 13321721'; Using compiler version '192829333'; Build Type 'Release'
OS: 'Windows 10  (10.0.19044) 64bit Core' Language: 'en' Physical Memory: 3914 MB
BatchMode: 1, IsHumanControllingUs: 0, StartBugReporterOnCrash: 0, Is64bit: 1, IsPro: 1

COMMAND LINE ARGUMENTS:
C:\Program Files\2021.3.4f1\Editor\Unity.exe
-adb2
-batchMode
-noUpm
-name
AssetImportWorker2120
-projectPath
C:/Users/ndawi/starsailors
-logFile
Logs/AssetImportWorker2120.log
-srvPort
52809
Successfully changed project path to: C:/Users/ndawi/starsailors
C:/Users/ndawi/starsailors
[UnityMemory] Configuration Parameters - Can be set up in boot.config
    "memorysetup-bucket-allocator-granularity=16"
    "memorysetup-bucket-allocator-bucket-count=8"
    "memorysetup-bucket-allocator-block-size=33554432"
    "memorysetup-bucket-allocator-block-count=8"
    "memorysetup-main-allocator-block-size=16777216"
    "memorysetup-thread-allocator-block-size=16777216"
    "memorysetup-gfx-main-allocator-block-size=16777216"
    "memorysetup-gfx-thread-allocator-block-size=16777216"
    "memorysetup-cache-allocator-block-size=4194304"
    "memorysetup-typetree-allocator-block-size=2097152"
    "memorysetup-profiler-bucket-allocator-granularity=16"
    "memorysetup-profiler-bucket-allocator-bucket-count=8"
    "memorysetup-profiler-bucket-allocator-block-size=33554432"
    "memorysetup-profiler-bucket-allocator-block-count=8"
    "memorysetup-profiler-allocator-block-size=16777216"
    "memorysetup-profiler-editor-allocator-block-size=1048576"
    "memorysetup-temp-allocator-size-main=16777216"
    "memorysetup-job-temp-allocator-block-size=2097152"
    "memorysetup-job-temp-allocator-block-size-background=1048576"
    "memorysetup-job-temp-allocator-reduction-small-platforms=262144"
    "memorysetup-temp-allocator-size-background-worker=32768"
    "memorysetup-temp-allocator-size-job-worker=262144"
    "memorysetup-temp-allocator-size-preload-manager=33554432"
    "memorysetup-temp-allocator-size-nav-mesh-worker=65536"
    "memorysetup-temp-allocator-size-audio-worker=65536"
    "memorysetup-temp-allocator-size-cloud-worker=32768"
    "memorysetup-temp-allocator-size-gi-baking-worker=262144"
    "memorysetup-temp-allocator-size-gfx=262144"
mdb reader table full -> cleaning up stale readers. Current readers:
    pid     thread     txnid
      3380 c3e8 -
      3380 f580 -
      3380 26d0 -
      1660 11534 -
     12628 55a4 -
     20744 102ec -
     24956 f35c -
      3380 5ba0 -
     43380 c9ec -
     65652 10650 -
     16816 a120 -
     38712 f91c -
     46236 12f4 -
     22248 105d0 -
     19996 dbec -
     61264 3230 -
      4272 eda8 -
     66644 2df4 -
     29820 10440 -
     63712 105d4 -
     28896 5c8c -
     22068 f6c4 -
     10704 aa30 -
     16408 f964 -
     60556 11cec -
     60340 df74 -
     64076 f43c -
     14592 2f64 -
     70364 1052c -
     40748 a500 -
     40668 d120 -
     37176 fcd4 -
     11928 ac48 -
     31776 d034 -
     26460 e3c4 -
     27856 4020 -
     17196 1f38 -
     58484 cd74 -
     46284 662c -
     37596 2ab0 -
     22772 d240 -
     45172 2748 -
     25028 f88c -
     16668 9628 -
     35944 120c -
     48356 6f8c -
     67696 48fc -
     13896 834 -
     44732 32d0 -
     56592 3ae0 -
     34900 3b64 -
     59400 c00c -
     33444 4e48 -
     60804 5954 -
     18560 5780 -
     50580 64d8 -
     28428 5508 -
     20340 4488 -
     39656 3a80 -
      8456 aef0 -
     42372 6570 -
      5104 6c90 -
     10384 db3c -
       128 eec8 -
     44012 4490 -
     16508 3a60 -
     36520 5d10 -
     46736 23fc -
     27552 48bc -
     12624 92b4 -
     64692 31a8 -
     31132 83d4 -
     45400 12014 -
     19852 1740 -
     70736 6d80 -
       428 3448 -
     53688 12328 -
     10500 2ed0 -
     65640 5558 -
     66764 940c -
     52076 a664 -
     22940 11fa0 -
     68512 362c -
     49908 4f4c -
     29676 5574 -
     42096 1a54 -
     26896 314c -
     73132 94bc -
     16980 fc78 -
     36240 35b8 -
     43220 66c0 -
     62188 1e44 -
     45820 f508 -
     27616 11430 -
     19008 11394 -
     44448 5d1c -
     14108 6168 -
     60192 ffb8 -
     50948 15b8 -
     62976 11c94 -
      5920 a06c -
     63292 b9e0 -
     25220 111f8 -
     25532 5d48 -
     41740 30fc -
     72844 e074 -
      5572 7960 -
     43384 114dc -
     19308 bbd0 -
     61536 e2a8 -
     12588 f720 -
     50060 a9dc -
     68156 9f20 -
     58900 cfb4 -
     29520 2960 -
     39156 e3a0 -
     29132 12398 -
     20512 b770 -
     26932 f390 -
     28568 2ab8 -
     29504 33d0 -
     61900 4b8c -
      6940 c204 -
     70960 8658 -
     70924 3830 -
     20576 e25c -
Cleaned out 117 stale readers
Refreshing native plugins compatible for Editor in 1576.79 ms, found 5 plugins.
Preloading 0 native plugins for Editor in 0.00 ms.
Initialize engine version: 2021.3.4f1 (cb45f9cae8b7)
[Subsystems] Discovering subsystems at path C:/Program Files/2021.3.4f1/Editor/Data/Resources/UnitySubsystems
[Subsystems] Discovering subsystems at path C:/Users/ndawi/starsailors/Assets
GfxDevice: creating device client; threaded=0; jobified=0
